
  .   ____          _            __ _ _
 /\\ / ___'_ __ _ _(_)_ __  __ _ \ \ \ \
( ( )\___ | '_ | '_| | '_ \/ _` | \ \ \ \
 \\/  ___)| |_)| | | | | || (_| |  ) ) ) )
  '  |____| .__|_| |_|_| |_\__, | / / / /
 =========|_|==============|___/=/_/_/_/
 :: Spring Boot ::  (v1.2.6.BUILD-SNAPSHOT)

2016-01-13 13:28:05.031  INFO 4789 --- [           main] o.OpensrpadapterApplication              : Starting OpensrpadapterApplication v0.0.1-SNAPSHOT on cyrus-pc with PID 4789 (/home/cyrus/project/opensrpadapter/target/opensrpadapter-0.0.1-SNAPSHOT.jar started by cyrus in /home/cyrus/project/opensrpadapter)
2016-01-13 13:28:05.076  INFO 4789 --- [           main] ationConfigEmbeddedWebApplicationContext : Refreshing org.springframework.boot.context.embedded.AnnotationConfigEmbeddedWebApplicationContext@23eb5a67: startup date [Wed Jan 13 13:28:05 BDT 2016]; root of context hierarchy
2016-01-13 13:28:06.356  INFO 4789 --- [           main] o.s.b.f.s.DefaultListableBeanFactory     : Overriding bean definition for bean 'beanNameViewResolver': replacing [Root bean: class [null]; scope=; abstract=false; lazyInit=false; autowireMode=3; dependencyCheck=0; autowireCandidate=true; primary=false; factoryBeanName=org.springframework.boot.autoconfigure.web.ErrorMvcAutoConfiguration$WhitelabelErrorViewConfiguration; factoryMethodName=beanNameViewResolver; initMethodName=null; destroyMethodName=(inferred); defined in class path resource [org/springframework/boot/autoconfigure/web/ErrorMvcAutoConfiguration$WhitelabelErrorViewConfiguration.class]] with [Root bean: class [null]; scope=; abstract=false; lazyInit=false; autowireMode=3; dependencyCheck=0; autowireCandidate=true; primary=false; factoryBeanName=org.springframework.boot.autoconfigure.web.WebMvcAutoConfiguration$WebMvcAutoConfigurationAdapter; factoryMethodName=beanNameViewResolver; initMethodName=null; destroyMethodName=(inferred); defined in class path resource [org/springframework/boot/autoconfigure/web/WebMvcAutoConfiguration$WebMvcAutoConfigurationAdapter.class]]
2016-01-13 13:28:06.621  INFO 4789 --- [           main] f.a.AutowiredAnnotationBeanPostProcessor : JSR-330 'javax.inject.Inject' annotation found and supported for autowiring
2016-01-13 13:28:07.195  INFO 4789 --- [           main] s.b.c.e.t.TomcatEmbeddedServletContainer : Tomcat initialized with port(s): 5000 (http)
2016-01-13 13:28:07.399  INFO 4789 --- [           main] o.apache.catalina.core.StandardService   : Starting service Tomcat
2016-01-13 13:28:07.400  INFO 4789 --- [           main] org.apache.catalina.core.StandardEngine  : Starting Servlet Engine: Apache Tomcat/8.0.26
2016-01-13 13:28:07.509  INFO 4789 --- [ost-startStop-1] o.a.c.c.C.[Tomcat].[localhost].[/]       : Initializing Spring embedded WebApplicationContext
2016-01-13 13:28:07.509  INFO 4789 --- [ost-startStop-1] o.s.web.context.ContextLoader            : Root WebApplicationContext: initialization completed in 2435 ms
2016-01-13 13:28:08.201  INFO 4789 --- [ost-startStop-1] o.s.b.c.e.ServletRegistrationBean        : Mapping servlet: 'dispatcherServlet' to [/]
2016-01-13 13:28:08.207  INFO 4789 --- [ost-startStop-1] o.s.b.c.embedded.FilterRegistrationBean  : Mapping filter: 'characterEncodingFilter' to: [/*]
2016-01-13 13:28:08.207  INFO 4789 --- [ost-startStop-1] o.s.b.c.embedded.FilterRegistrationBean  : Mapping filter: 'hiddenHttpMethodFilter' to: [/*]
2016-01-13 13:28:08.451  INFO 4789 --- [           main] s.w.s.m.m.a.RequestMappingHandlerAdapter : Looking for @ControllerAdvice: org.springframework.boot.context.embedded.AnnotationConfigEmbeddedWebApplicationContext@23eb5a67: startup date [Wed Jan 13 13:28:05 BDT 2016]; root of context hierarchy
2016-01-13 13:28:08.514  INFO 4789 --- [           main] s.w.s.m.m.a.RequestMappingHandlerMapping : Mapped "{[/upload],methods=[POST],consumes=[multipart/*]}" onto public java.lang.String opensrpadapter.ServiceController.dataXMLReceiver(java.lang.String,org.springframework.web.multipart.MultipartFile)
2016-01-13 13:28:08.515  INFO 4789 --- [           main] s.w.s.m.m.a.RequestMappingHandlerMapping : Mapped "{[/sendDataXML]}" onto public java.lang.String opensrpadapter.ServiceController.sendDataXML(java.lang.String)
2016-01-13 13:28:08.517  INFO 4789 --- [           main] s.w.s.m.m.a.RequestMappingHandlerMapping : Mapped "{[/error],produces=[text/html]}" onto public org.springframework.web.servlet.ModelAndView org.springframework.boot.autoconfigure.web.BasicErrorController.errorHtml(javax.servlet.http.HttpServletRequest)
2016-01-13 13:28:08.517  INFO 4789 --- [           main] s.w.s.m.m.a.RequestMappingHandlerMapping : Mapped "{[/error]}" onto public org.springframework.http.ResponseEntity<java.util.Map<java.lang.String, java.lang.Object>> org.springframework.boot.autoconfigure.web.BasicErrorController.error(javax.servlet.http.HttpServletRequest)
2016-01-13 13:28:08.553  INFO 4789 --- [           main] o.s.w.s.handler.SimpleUrlHandlerMapping  : Mapped URL path [/**] onto handler of type [class org.springframework.web.servlet.resource.ResourceHttpRequestHandler]
2016-01-13 13:28:08.553  INFO 4789 --- [           main] o.s.w.s.handler.SimpleUrlHandlerMapping  : Mapped URL path [/webjars/**] onto handler of type [class org.springframework.web.servlet.resource.ResourceHttpRequestHandler]
2016-01-13 13:28:08.635  INFO 4789 --- [           main] o.s.w.s.handler.SimpleUrlHandlerMapping  : Mapped URL path [/**/favicon.ico] onto handler of type [class org.springframework.web.servlet.resource.ResourceHttpRequestHandler]
2016-01-13 13:28:08.786  INFO 4789 --- [           main] o.s.j.e.a.AnnotationMBeanExporter        : Registering beans for JMX exposure on startup
2016-01-13 13:28:08.852  INFO 4789 --- [           main] s.b.c.e.t.TomcatEmbeddedServletContainer : Tomcat started on port(s): 5000 (http)
2016-01-13 13:28:08.853  INFO 4789 --- [           main] o.OpensrpadapterApplication              : Started OpensrpadapterApplication in 4.133 seconds (JVM running for 4.702)
2016-01-13 13:28:27.457  INFO 4789 --- [nio-5000-exec-1] o.a.c.c.C.[Tomcat].[localhost].[/]       : Initializing Spring FrameworkServlet 'dispatcherServlet'
2016-01-13 13:28:27.457  INFO 4789 --- [nio-5000-exec-1] o.s.web.servlet.DispatcherServlet        : FrameworkServlet 'dispatcherServlet': initialization started
2016-01-13 13:28:27.479  INFO 4789 --- [nio-5000-exec-1] o.s.web.servlet.DispatcherServlet        : FrameworkServlet 'dispatcherServlet': initialization completed in 22 ms
Received a submission successfully file name: psrf_form!
input stream for mapperorg.springframework.boot.loader.jar.ZipInflaterInputStream@6509ec36
field.bind - null, field.name - id, field.value - 3e94f304-7bb9-4dab-95f2-d52ccaec220f
field.bind - /model/instance/PregnancySurveillanceAndRegistrationForm/existing_mauzapara, field.name - FWWOMMAUZA_PARA, field.value - 2
field.bind - /model/instance/PregnancySurveillanceAndRegistrationForm/existing_gobhhid, field.name - GOBHHID, field.value - 
field.bind - /model/instance/PregnancySurveillanceAndRegistrationForm/existing_jivhhid, field.name - JiVitAHHID, field.value - 
field.bind - /model/instance/PregnancySurveillanceAndRegistrationForm/existing_first_name, field.name - FWWOMFNAME, field.value - 
field.bind - /model/instance/PregnancySurveillanceAndRegistrationForm/existing_husname, field.name - FWHUSNAME, field.value - Test seven h
field.bind - /model/instance/PregnancySurveillanceAndRegistrationForm/existing_wom_nid, field.name - FWWOMNID, field.value - 1676154576541
field.bind - /model/instance/PregnancySurveillanceAndRegistrationForm/existing_wom_bid, field.name - FWWOMBID, field.value - 16761545765417654
field.bind - /model/instance/PregnancySurveillanceAndRegistrationForm/existing_wom_age, field.name - FWWOMAGE, field.value - 26
field.bind - /model/instance/PregnancySurveillanceAndRegistrationForm/existing_ELCO, field.name - existing_ELCO, field.value - 5
field.bind - /model/instance/PregnancySurveillanceAndRegistrationForm/existing_location, field.name - existing_location, field.value - 2
field.bind - /model/instance/PregnancySurveillanceAndRegistrationForm/today, field.name - today, field.value - 2016-01-12
field.bind - /model/instance/PregnancySurveillanceAndRegistrationForm/start, field.name - start, field.value - 2016-01-12T16:25:49.050+06
field.bind - /model/instance/PregnancySurveillanceAndRegistrationForm/end, field.name - end, field.value - 2016-01-12T16:25:49.050+06
field.bind - /model/instance/PregnancySurveillanceAndRegistrationForm/FWPSRDATE, field.name - FWPSRDATE, field.value - 2016-01-12
field.bind - /model/instance/PregnancySurveillanceAndRegistrationForm/FWCONFIRMATION, field.name - FWCONFIRMATION, field.value - 
field.bind - /model/instance/PregnancySurveillanceAndRegistrationForm/FWPSRSTS, field.name - FWPSRSTS, field.value - 01
field.bind - /model/instance/PregnancySurveillanceAndRegistrationForm/psrf_schedule_logic, field.name - psrf_schedule_logic, field.value - 0
field.bind - /model/instance/PregnancySurveillanceAndRegistrationForm/FWNOTELIGIBLE, field.name - FWNOTELIGIBLE, field.value - 0
field.bind - /model/instance/PregnancySurveillanceAndRegistrationForm/FWNOTELIGIBLE, field.name - FWELIGIBLE, field.value - 1
field.bind - /model/instance/PregnancySurveillanceAndRegistrationForm/ELCO, field.name - ELCO, field.value - 5
field.bind - /model/instance/PregnancySurveillanceAndRegistrationForm/FWVG, field.name - FWVG, field.value - 0
field.bind - /model/instance/PregnancySurveillanceAndRegistrationForm/FWHRP, field.name - FWHRP, field.value - 0
field.bind - /model/instance/PregnancySurveillanceAndRegistrationForm/FWHR_PSR, field.name - FWHR_PSR, field.value - 2
field.bind - /model/instance/PregnancySurveillanceAndRegistrationForm/FWFLAGVALUE, field.name - FWFLAGVALUE, field.value - 2
field.bind - /model/instance/PregnancySurveillanceAndRegistrationForm/FWSORTVALUE, field.name - FWSORTVALUE, field.value - 2
field.bind - /model/instance/PregnancySurveillanceAndRegistrationForm/user_type, field.name - user_type, field.value - FD
field.bind - /model/instance/PregnancySurveillanceAndRegistrationForm/external_user_ID, field.name - external_user_ID, field.value - 7878
field.bind - /model/instance/PregnancySurveillanceAndRegistrationForm/psrf_met/FWPSRLMP, field.name - FWPSRLMP, field.value - 2015-11-12
field.bind - /model/instance/PregnancySurveillanceAndRegistrationForm/psrf_met/FWPSRPREGSTS, field.name - FWPSRPREGSTS, field.value - 1
field.bind - /model/instance/PregnancySurveillanceAndRegistrationForm/psrf_met/display_pregnote, field.name - display_pregnote, field.value - 
field.bind - /model/instance/PregnancySurveillanceAndRegistrationForm/psrf_met/display_notpregnote, field.name - display_notpregnote, field.value - 
field.bind - /model/instance/PregnancySurveillanceAndRegistrationForm/psrf_met/psrf_pregnant/mother_mauza, field.name - mother_mauza, field.value - 2
field.bind - /model/instance/PregnancySurveillanceAndRegistrationForm/psrf_met/psrf_pregnant/mother_gobhhid, field.name - mother_gobhhid, field.value - 
field.bind - /model/instance/PregnancySurveillanceAndRegistrationForm/psrf_met/psrf_pregnant/mother_jivhhid, field.name - mother_jivhhid, field.value - 
field.bind - /model/instance/PregnancySurveillanceAndRegistrationForm/psrf_met/psrf_pregnant/mother_first_name, field.name - mother_first_name, field.value - Test seven
field.bind - /model/instance/PregnancySurveillanceAndRegistrationForm/psrf_met/psrf_pregnant/mother_husname, field.name - mother_husname, field.value - Test seven h
field.bind - /model/instance/PregnancySurveillanceAndRegistrationForm/psrf_met/psrf_pregnant/mother_wom_nid, field.name - mother_wom_nid, field.value - 1676154576541
field.bind - /model/instance/PregnancySurveillanceAndRegistrationForm/psrf_met/psrf_pregnant/mother_wom_bid, field.name - mother_wom_bid, field.value - 16761545765417654
field.bind - /model/instance/PregnancySurveillanceAndRegistrationForm/psrf_met/psrf_pregnant/mother_wom_age, field.name - mother_wom_age, field.value - 26
field.bind - /model/instance/PregnancySurveillanceAndRegistrationForm/psrf_met/psrf_pregnant/mother_wom_lmp, field.name - mother_wom_lmp, field.value - 2015-11-12
field.bind - /model/instance/PregnancySurveillanceAndRegistrationForm/psrf_met/psrf_pregnant/mother_valid, field.name - mother_valid, field.value - 1
field.bind - /model/instance/PregnancySurveillanceAndRegistrationForm/psrf_met/psrf_pregnant/FWPSRWOMPREGWTD, field.name - FWPSRWOMPREGWTD, field.value - 1
field.bind - /model/instance/PregnancySurveillanceAndRegistrationForm/psrf_met/psrf_pregnant/FWPSRHUSPREGWTD, field.name - FWPSRHUSPREGWTD, field.value - 1
field.bind - /model/instance/PregnancySurveillanceAndRegistrationForm/psrf_met/psrf_pregnant/FWPSREVRPREG, field.name - FWPSREVRPREG, field.value - 1
field.bind - /model/instance/PregnancySurveillanceAndRegistrationForm/psrf_met/psrf_pregnant/FWPSRTOTBIRTH, field.name - FWPSRTOTBIRTH, field.value - 
field.bind - /model/instance/PregnancySurveillanceAndRegistrationForm/psrf_met/psrf_pregnant/FWPSRNBDTH, field.name - FWPSRNBDTH, field.value - 
field.bind - /model/instance/PregnancySurveillanceAndRegistrationForm/psrf_met/psrf_pregnant/FWPSRPRSB, field.name - FWPSRPRSB, field.value - 
field.bind - /model/instance/PregnancySurveillanceAndRegistrationForm/psrf_met/psrf_pregnant/FWPSRPRMC, field.name - FWPSRPRMC, field.value - 
field.bind - /model/instance/PregnancySurveillanceAndRegistrationForm/psrf_met/psrf_pregnant/FWPSRPREGTWYRS, field.name - FWPSRPREGTWYRS, field.value - 
field.bind - /model/instance/PregnancySurveillanceAndRegistrationForm/psrf_met/psrf_pregnant/FWPSRPRVPREGCOMP, field.name - FWPSRPRVPREGCOMP, field.value - 
field.bind - /model/instance/PregnancySurveillanceAndRegistrationForm/psrf_met/psrf_pregnant/FWPSRPRCHECKS, field.name - FWPSRPRCHECKS, field.value - 
field.bind - /model/instance/PregnancySurveillanceAndRegistrationForm/psrf_met/psrf_pregnant/FWPSRVDGMEM, field.name - FWPSRVDGMEM, field.value - 0
field.bind - /model/instance/PregnancySurveillanceAndRegistrationForm/psrf_met/psrf_pregnant/FWPSRWOMEDU, field.name - FWPSRWOMEDU, field.value - 99
field.bind - /model/instance/PregnancySurveillanceAndRegistrationForm/psrf_met/psrf_pregnant/FWPSRHHLAT, field.name - FWPSRHHLAT, field.value - 2
field.bind - /model/instance/PregnancySurveillanceAndRegistrationForm/psrf_met/psrf_pregnant/FWPSRHHRICE, field.name - FWPSRHHRICE, field.value - 99
field.bind - /model/instance/PregnancySurveillanceAndRegistrationForm/psrf_met/psrf_pregnant/risk_group/FWPSRANM, field.name - FWPSRANM, field.value - 
field.bind - /model/instance/PregnancySurveillanceAndRegistrationForm/psrf_met/psrf_pregnant/risk_group/FWPSRHBP, field.name - FWPSRHBP, field.value - 
field.bind - /model/instance/PregnancySurveillanceAndRegistrationForm/psrf_met/psrf_pregnant/risk_group/FWPSRDBT, field.name - FWPSRDBT, field.value - 
field.bind - /model/instance/PregnancySurveillanceAndRegistrationForm/psrf_met/psrf_pregnant/risk_group/FWPSRTHY, field.name - FWPSRTHY, field.value - 
field.bind - /model/instance/PregnancySurveillanceAndRegistrationForm/psrf_met/psrf_pregnant/FWPSRMUAC, field.name - FWPSRMUAC, field.value - 99.0
field.bind - /model/instance/PregnancySurveillanceAndRegistrationForm/psrf_met/psrf_pregnant/FWPSRPHONE, field.name - FWPSRPHONE, field.value - 1
field.bind - /model/instance/PregnancySurveillanceAndRegistrationForm/psrf_met/psrf_pregnant/FWPSRPHONENUM, field.name - FWPSRPHONENUM, field.value - 01876765432
json from xml-- [{"anmId":"integration","instanceId":"7636f967-9d9e-44b5-b562-cc114373c4a1","entityId":"3e94f304-7bb9-4dab-95f2-d52ccaec220f","formName":"psrf_form","formInstance":"{\"form_data_definition_version\":\"13\",\"form\":{\"bind_type\":\"elco\",\"default_bind_path\":\"/model/instance/PregnancySurveillanceAndRegistrationForm\",\"fields\":[{\"name\":\"id\",\"source\":\"elco.id\",\"value\":\"3e94f304-7bb9-4dab-95f2-d52ccaec220f\"},{\"name\":\"FWWOMMAUZA_PARA\",\"bind\":\"/model/instance/PregnancySurveillanceAndRegistrationForm/existing_mauzapara\",\"source\":\"elco.FWWOMMAUZA_PARA\",\"value\":\"2\"},{\"name\":\"GOBHHID\",\"bind\":\"/model/instance/PregnancySurveillanceAndRegistrationForm/existing_gobhhid\",\"source\":\"elco.GOBHHID\",\"value\":\"\"},{\"name\":\"JiVitAHHID\",\"bind\":\"/model/instance/PregnancySurveillanceAndRegistrationForm/existing_jivhhid\",\"source\":\"elco.JiVitAHHID\",\"value\":\"\"},{\"name\":\"FWWOMFNAME\",\"bind\":\"/model/instance/PregnancySurveillanceAndRegistrationForm/existing_first_name\",\"source\":\"elco.FWWOMFNAME\",\"value\":\"\"},{\"name\":\"FWHUSNAME\",\"bind\":\"/model/instance/PregnancySurveillanceAndRegistrationForm/existing_husname\",\"source\":\"elco.FWHUSNAME\",\"value\":\"Test seven h\"},{\"name\":\"FWWOMNID\",\"bind\":\"/model/instance/PregnancySurveillanceAndRegistrationForm/existing_wom_nid\",\"source\":\"elco.FWWOMNID\",\"value\":\"1676154576541\"},{\"name\":\"FWWOMBID\",\"bind\":\"/model/instance/PregnancySurveillanceAndRegistrationForm/existing_wom_bid\",\"source\":\"elco.FWWOMBID\",\"value\":\"16761545765417654\"},{\"name\":\"FWWOMAGE\",\"bind\":\"/model/instance/PregnancySurveillanceAndRegistrationForm/existing_wom_age\",\"source\":\"elco.FWWOMAGE\",\"value\":\"26\"},{\"name\":\"existing_ELCO\",\"bind\":\"/model/instance/PregnancySurveillanceAndRegistrationForm/existing_ELCO\",\"source\":\"elco.existing_ELCO\",\"value\":\"5\"},{\"name\":\"existing_location\",\"bind\":\"/model/instance/PregnancySurveillanceAndRegistrationForm/existing_location\",\"source\":\"elco.existing_location\",\"value\":\"2\"},{\"name\":\"today\",\"bind\":\"/model/instance/PregnancySurveillanceAndRegistrationForm/today\",\"source\":\"elco.today\",\"value\":\"2016-01-12\"},{\"name\":\"start\",\"bind\":\"/model/instance/PregnancySurveillanceAndRegistrationForm/start\",\"source\":\"elco.start\",\"value\":\"2016-01-12T16:25:49.050+06\"},{\"name\":\"end\",\"bind\":\"/model/instance/PregnancySurveillanceAndRegistrationForm/end\",\"source\":\"elco.end\",\"value\":\"2016-01-12T16:25:49.050+06\"},{\"name\":\"FWPSRDATE\",\"bind\":\"/model/instance/PregnancySurveillanceAndRegistrationForm/FWPSRDATE\",\"source\":\"elco.FWPSRDATE\",\"value\":\"2016-01-12\"},{\"name\":\"FWCONFIRMATION\",\"bind\":\"/model/instance/PregnancySurveillanceAndRegistrationForm/FWCONFIRMATION\",\"source\":\"elco.FWCONFIRMATION\",\"value\":\"\"},{\"name\":\"FWPSRSTS\",\"bind\":\"/model/instance/PregnancySurveillanceAndRegistrationForm/FWPSRSTS\",\"source\":\"elco.FWPSRSTS\",\"value\":\"01\"},{\"name\":\"psrf_schedule_logic\",\"bind\":\"/model/instance/PregnancySurveillanceAndRegistrationForm/psrf_schedule_logic\",\"source\":\"elco.psrf_schedule_logic\",\"value\":\"0\"},{\"name\":\"FWNOTELIGIBLE\",\"bind\":\"/model/instance/PregnancySurveillanceAndRegistrationForm/FWNOTELIGIBLE\",\"source\":\"elco.FWNOTELIGIBLE\",\"value\":\"0\"},{\"name\":\"FWELIGIBLE\",\"bind\":\"/model/instance/PregnancySurveillanceAndRegistrationForm/FWNOTELIGIBLE\",\"source\":\"elco.FWELIGIBLE\",\"value\":\"1\"},{\"name\":\"ELCO\",\"bind\":\"/model/instance/PregnancySurveillanceAndRegistrationForm/ELCO\",\"source\":\"elco.ELCO\",\"value\":\"5\"},{\"name\":\"FWVG\",\"bind\":\"/model/instance/PregnancySurveillanceAndRegistrationForm/FWVG\",\"source\":\"elco.FWVG\",\"value\":\"0\"},{\"name\":\"FWHRP\",\"bind\":\"/model/instance/PregnancySurveillanceAndRegistrationForm/FWHRP\",\"source\":\"elco.FWHRP\",\"value\":\"0\"},{\"name\":\"FWHR_PSR\",\"bind\":\"/model/instance/PregnancySurveillanceAndRegistrationForm/FWHR_PSR\",\"source\":\"elco.FWHR_PSR\",\"value\":\"2\"},{\"name\":\"FWFLAGVALUE\",\"bind\":\"/model/instance/PregnancySurveillanceAndRegistrationForm/FWFLAGVALUE\",\"source\":\"elco.FWFLAGVALUE\",\"value\":\"2\"},{\"name\":\"FWSORTVALUE\",\"bind\":\"/model/instance/PregnancySurveillanceAndRegistrationForm/FWSORTVALUE\",\"source\":\"elco.FWSORTVALUE\",\"value\":\"2\"},{\"name\":\"user_type\",\"bind\":\"/model/instance/PregnancySurveillanceAndRegistrationForm/user_type\",\"source\":\"elco.user_type\",\"value\":\"FD\"},{\"name\":\"external_user_ID\",\"bind\":\"/model/instance/PregnancySurveillanceAndRegistrationForm/external_user_ID\",\"source\":\"elco.external_user_ID\",\"value\":\"7878\"},{\"name\":\"FWPSRLMP\",\"bind\":\"/model/instance/PregnancySurveillanceAndRegistrationForm/psrf_met/FWPSRLMP\",\"source\":\"elco.FWPSRLMP\",\"value\":\"2015-11-12\"},{\"name\":\"FWPSRPREGSTS\",\"bind\":\"/model/instance/PregnancySurveillanceAndRegistrationForm/psrf_met/FWPSRPREGSTS\",\"source\":\"elco.FWPSRPREGSTS\",\"value\":\"1\"},{\"name\":\"display_pregnote\",\"bind\":\"/model/instance/PregnancySurveillanceAndRegistrationForm/psrf_met/display_pregnote\",\"source\":\"elco.display_pregnote\",\"value\":\"\"},{\"name\":\"display_notpregnote\",\"bind\":\"/model/instance/PregnancySurveillanceAndRegistrationForm/psrf_met/display_notpregnote\",\"source\":\"elco.display_notpregnote\",\"value\":\"\"},{\"name\":\"mother_mauza\",\"bind\":\"/model/instance/PregnancySurveillanceAndRegistrationForm/psrf_met/psrf_pregnant/mother_mauza\",\"source\":\"elco.mother_mauza\",\"value\":\"2\"},{\"name\":\"mother_gobhhid\",\"bind\":\"/model/instance/PregnancySurveillanceAndRegistrationForm/psrf_met/psrf_pregnant/mother_gobhhid\",\"source\":\"elco.mother_gobhhid\",\"value\":\"\"},{\"name\":\"mother_jivhhid\",\"bind\":\"/model/instance/PregnancySurveillanceAndRegistrationForm/psrf_met/psrf_pregnant/mother_jivhhid\",\"source\":\"elco.mother_jivhhid\",\"value\":\"\"},{\"name\":\"mother_first_name\",\"bind\":\"/model/instance/PregnancySurveillanceAndRegistrationForm/psrf_met/psrf_pregnant/mother_first_name\",\"source\":\"elco.mother_first_name\",\"value\":\"Test seven\"},{\"name\":\"mother_husname\",\"bind\":\"/model/instance/PregnancySurveillanceAndRegistrationForm/psrf_met/psrf_pregnant/mother_husname\",\"source\":\"elco.mother_husname\",\"value\":\"Test seven h\"},{\"name\":\"mother_wom_nid\",\"bind\":\"/model/instance/PregnancySurveillanceAndRegistrationForm/psrf_met/psrf_pregnant/mother_wom_nid\",\"source\":\"elco.mother_wom_nid\",\"value\":\"1676154576541\"},{\"name\":\"mother_wom_bid\",\"bind\":\"/model/instance/PregnancySurveillanceAndRegistrationForm/psrf_met/psrf_pregnant/mother_wom_bid\",\"source\":\"elco.mother_wom_bid\",\"value\":\"16761545765417654\"},{\"name\":\"mother_wom_age\",\"bind\":\"/model/instance/PregnancySurveillanceAndRegistrationForm/psrf_met/psrf_pregnant/mother_wom_age\",\"source\":\"elco.mother_wom_age\",\"value\":\"26\"},{\"name\":\"mother_wom_lmp\",\"bind\":\"/model/instance/PregnancySurveillanceAndRegistrationForm/psrf_met/psrf_pregnant/mother_wom_lmp\",\"source\":\"elco.mother_wom_lmp\",\"value\":\"2015-11-12\"},{\"name\":\"mother_valid\",\"bind\":\"/model/instance/PregnancySurveillanceAndRegistrationForm/psrf_met/psrf_pregnant/mother_valid\",\"source\":\"elco.mother_valid\",\"value\":\"1\"},{\"name\":\"FWPSRWOMPREGWTD\",\"bind\":\"/model/instance/PregnancySurveillanceAndRegistrationForm/psrf_met/psrf_pregnant/FWPSRWOMPREGWTD\",\"source\":\"elco.FWPSRWOMPREGWTD\",\"value\":\"1\"},{\"name\":\"FWPSRHUSPREGWTD\",\"bind\":\"/model/instance/PregnancySurveillanceAndRegistrationForm/psrf_met/psrf_pregnant/FWPSRHUSPREGWTD\",\"source\":\"elco.FWPSRHUSPREGWTD\",\"value\":\"1\"},{\"name\":\"FWPSREVRPREG\",\"bind\":\"/model/instance/PregnancySurveillanceAndRegistrationForm/psrf_met/psrf_pregnant/FWPSREVRPREG\",\"source\":\"elco.FWPSREVRPREG\",\"value\":\"1\"},{\"name\":\"FWPSRTOTBIRTH\",\"bind\":\"/model/instance/PregnancySurveillanceAndRegistrationForm/psrf_met/psrf_pregnant/FWPSRTOTBIRTH\",\"source\":\"elco.FWPSRTOTBIRTH\",\"value\":\"\"},{\"name\":\"FWPSRNBDTH\",\"bind\":\"/model/instance/PregnancySurveillanceAndRegistrationForm/psrf_met/psrf_pregnant/FWPSRNBDTH\",\"source\":\"elco.FWPSRNBDTH\",\"value\":\"\"},{\"name\":\"FWPSRPRSB\",\"bind\":\"/model/instance/PregnancySurveillanceAndRegistrationForm/psrf_met/psrf_pregnant/FWPSRPRSB\",\"source\":\"elco.FWPSRPRSB\",\"value\":\"\"},{\"name\":\"FWPSRPRMC\",\"bind\":\"/model/instance/PregnancySurveillanceAndRegistrationForm/psrf_met/psrf_pregnant/FWPSRPRMC\",\"source\":\"elco.FWPSRPRMC\",\"value\":\"\"},{\"name\":\"FWPSRPREGTWYRS\",\"bind\":\"/model/instance/PregnancySurveillanceAndRegistrationForm/psrf_met/psrf_pregnant/FWPSRPREGTWYRS\",\"source\":\"elco.FWPSRPREGTWYRS\",\"value\":\"\"},{\"name\":\"FWPSRPRVPREGCOMP\",\"bind\":\"/model/instance/PregnancySurveillanceAndRegistrationForm/psrf_met/psrf_pregnant/FWPSRPRVPREGCOMP\",\"source\":\"elco.FWPSRPRVPREGCOMP\",\"value\":\"\"},{\"name\":\"FWPSRPRCHECKS\",\"bind\":\"/model/instance/PregnancySurveillanceAndRegistrationForm/psrf_met/psrf_pregnant/FWPSRPRCHECKS\",\"source\":\"elco.FWPSRPRCHECKS\",\"value\":\"\"},{\"name\":\"FWPSRVDGMEM\",\"bind\":\"/model/instance/PregnancySurveillanceAndRegistrationForm/psrf_met/psrf_pregnant/FWPSRVDGMEM\",\"source\":\"elco.FWPSRVDGMEM\",\"value\":\"0\"},{\"name\":\"FWPSRWOMEDU\",\"bind\":\"/model/instance/PregnancySurveillanceAndRegistrationForm/psrf_met/psrf_pregnant/FWPSRWOMEDU\",\"source\":\"elco.FWPSRWOMEDU\",\"value\":\"99\"},{\"name\":\"FWPSRHHLAT\",\"bind\":\"/model/instance/PregnancySurveillanceAndRegistrationForm/psrf_met/psrf_pregnant/FWPSRHHLAT\",\"source\":\"elco.FWPSRHHLAT\",\"value\":\"2\"},{\"name\":\"FWPSRHHRICE\",\"bind\":\"/model/instance/PregnancySurveillanceAndRegistrationForm/psrf_met/psrf_pregnant/FWPSRHHRICE\",\"source\":\"elco.FWPSRHHRICE\",\"value\":\"99\"},{\"name\":\"FWPSRANM\",\"bind\":\"/model/instance/PregnancySurveillanceAndRegistrationForm/psrf_met/psrf_pregnant/risk_group/FWPSRANM\",\"source\":\"elco.FWPSRANM\",\"value\":\"\"},{\"name\":\"FWPSRHBP\",\"bind\":\"/model/instance/PregnancySurveillanceAndRegistrationForm/psrf_met/psrf_pregnant/risk_group/FWPSRHBP\",\"source\":\"elco.FWPSRHBP\",\"value\":\"\"},{\"name\":\"FWPSRDBT\",\"bind\":\"/model/instance/PregnancySurveillanceAndRegistrationForm/psrf_met/psrf_pregnant/risk_group/FWPSRDBT\",\"source\":\"elco.FWPSRDBT\",\"value\":\"\"},{\"name\":\"FWPSRTHY\",\"bind\":\"/model/instance/PregnancySurveillanceAndRegistrationForm/psrf_met/psrf_pregnant/risk_group/FWPSRTHY\",\"source\":\"elco.FWPSRTHY\",\"value\":\"\"},{\"name\":\"FWPSRMUAC\",\"bind\":\"/model/instance/PregnancySurveillanceAndRegistrationForm/psrf_met/psrf_pregnant/FWPSRMUAC\",\"source\":\"elco.FWPSRMUAC\",\"value\":\"99.0\"},{\"name\":\"FWPSRPHONE\",\"bind\":\"/model/instance/PregnancySurveillanceAndRegistrationForm/psrf_met/psrf_pregnant/FWPSRPHONE\",\"source\":\"elco.FWPSRPHONE\",\"value\":\"1\"},{\"name\":\"FWPSRPHONENUM\",\"bind\":\"/model/instance/PregnancySurveillanceAndRegistrationForm/psrf_met/psrf_pregnant/FWPSRPHONENUM\",\"source\":\"elco.FWPSRPHONENUM\",\"value\":\"01876765432\"}],\"sub_forms\":[]}}","clientVersion":"1446376434966","formDataDefinitionVersion":"13"}]
HTTP status code:201
Submission Failure: false
Received a submission successfully file name: psrf_form!
input stream for mapperorg.springframework.boot.loader.jar.ZipInflaterInputStream@12ef6acf
field.bind - null, field.name - id, field.value - 3e94f304-7bb9-4dab-95f2-d52ccaec220f
field.bind - /model/instance/PregnancySurveillanceAndRegistrationForm/existing_mauzapara, field.name - FWWOMMAUZA_PARA, field.value - 2
field.bind - /model/instance/PregnancySurveillanceAndRegistrationForm/existing_gobhhid, field.name - GOBHHID, field.value - 
field.bind - /model/instance/PregnancySurveillanceAndRegistrationForm/existing_jivhhid, field.name - JiVitAHHID, field.value - 
field.bind - /model/instance/PregnancySurveillanceAndRegistrationForm/existing_first_name, field.name - FWWOMFNAME, field.value - 
field.bind - /model/instance/PregnancySurveillanceAndRegistrationForm/existing_husname, field.name - FWHUSNAME, field.value - Test seven h
field.bind - /model/instance/PregnancySurveillanceAndRegistrationForm/existing_wom_nid, field.name - FWWOMNID, field.value - 1676154576541
field.bind - /model/instance/PregnancySurveillanceAndRegistrationForm/existing_wom_bid, field.name - FWWOMBID, field.value - 16761545765417654
field.bind - /model/instance/PregnancySurveillanceAndRegistrationForm/existing_wom_age, field.name - FWWOMAGE, field.value - 26
field.bind - /model/instance/PregnancySurveillanceAndRegistrationForm/existing_ELCO, field.name - existing_ELCO, field.value - 5
field.bind - /model/instance/PregnancySurveillanceAndRegistrationForm/existing_location, field.name - existing_location, field.value - 2
field.bind - /model/instance/PregnancySurveillanceAndRegistrationForm/today, field.name - today, field.value - 2016-01-12
field.bind - /model/instance/PregnancySurveillanceAndRegistrationForm/start, field.name - start, field.value - 2016-01-12T16:25:49.050+06
field.bind - /model/instance/PregnancySurveillanceAndRegistrationForm/end, field.name - end, field.value - 2016-01-12T16:25:49.050+06
field.bind - /model/instance/PregnancySurveillanceAndRegistrationForm/FWPSRDATE, field.name - FWPSRDATE, field.value - 2016-01-12
field.bind - /model/instance/PregnancySurveillanceAndRegistrationForm/FWCONFIRMATION, field.name - FWCONFIRMATION, field.value - 
field.bind - /model/instance/PregnancySurveillanceAndRegistrationForm/FWPSRSTS, field.name - FWPSRSTS, field.value - 01
field.bind - /model/instance/PregnancySurveillanceAndRegistrationForm/psrf_schedule_logic, field.name - psrf_schedule_logic, field.value - 0
field.bind - /model/instance/PregnancySurveillanceAndRegistrationForm/FWNOTELIGIBLE, field.name - FWNOTELIGIBLE, field.value - 0
field.bind - /model/instance/PregnancySurveillanceAndRegistrationForm/FWNOTELIGIBLE, field.name - FWELIGIBLE, field.value - 1
field.bind - /model/instance/PregnancySurveillanceAndRegistrationForm/ELCO, field.name - ELCO, field.value - 5
field.bind - /model/instance/PregnancySurveillanceAndRegistrationForm/FWVG, field.name - FWVG, field.value - 0
field.bind - /model/instance/PregnancySurveillanceAndRegistrationForm/FWHRP, field.name - FWHRP, field.value - 0
field.bind - /model/instance/PregnancySurveillanceAndRegistrationForm/FWHR_PSR, field.name - FWHR_PSR, field.value - 2
field.bind - /model/instance/PregnancySurveillanceAndRegistrationForm/FWFLAGVALUE, field.name - FWFLAGVALUE, field.value - 2
field.bind - /model/instance/PregnancySurveillanceAndRegistrationForm/FWSORTVALUE, field.name - FWSORTVALUE, field.value - 2
field.bind - /model/instance/PregnancySurveillanceAndRegistrationForm/user_type, field.name - user_type, field.value - FD
field.bind - /model/instance/PregnancySurveillanceAndRegistrationForm/external_user_ID, field.name - external_user_ID, field.value - 7878
field.bind - /model/instance/PregnancySurveillanceAndRegistrationForm/psrf_met/FWPSRLMP, field.name - FWPSRLMP, field.value - 2015-11-12
field.bind - /model/instance/PregnancySurveillanceAndRegistrationForm/psrf_met/FWPSRPREGSTS, field.name - FWPSRPREGSTS, field.value - 1
field.bind - /model/instance/PregnancySurveillanceAndRegistrationForm/psrf_met/display_pregnote, field.name - display_pregnote, field.value - 
field.bind - /model/instance/PregnancySurveillanceAndRegistrationForm/psrf_met/display_notpregnote, field.name - display_notpregnote, field.value - 
field.bind - /model/instance/PregnancySurveillanceAndRegistrationForm/psrf_met/psrf_pregnant/mother_mauza, field.name - mother_mauza, field.value - 2
field.bind - /model/instance/PregnancySurveillanceAndRegistrationForm/psrf_met/psrf_pregnant/mother_gobhhid, field.name - mother_gobhhid, field.value - 
field.bind - /model/instance/PregnancySurveillanceAndRegistrationForm/psrf_met/psrf_pregnant/mother_jivhhid, field.name - mother_jivhhid, field.value - 
field.bind - /model/instance/PregnancySurveillanceAndRegistrationForm/psrf_met/psrf_pregnant/mother_first_name, field.name - mother_first_name, field.value - Test seven
field.bind - /model/instance/PregnancySurveillanceAndRegistrationForm/psrf_met/psrf_pregnant/mother_husname, field.name - mother_husname, field.value - Test seven h
field.bind - /model/instance/PregnancySurveillanceAndRegistrationForm/psrf_met/psrf_pregnant/mother_wom_nid, field.name - mother_wom_nid, field.value - 1676154576541
field.bind - /model/instance/PregnancySurveillanceAndRegistrationForm/psrf_met/psrf_pregnant/mother_wom_bid, field.name - mother_wom_bid, field.value - 16761545765417654
field.bind - /model/instance/PregnancySurveillanceAndRegistrationForm/psrf_met/psrf_pregnant/mother_wom_age, field.name - mother_wom_age, field.value - 26
field.bind - /model/instance/PregnancySurveillanceAndRegistrationForm/psrf_met/psrf_pregnant/mother_wom_lmp, field.name - mother_wom_lmp, field.value - 2015-11-12
field.bind - /model/instance/PregnancySurveillanceAndRegistrationForm/psrf_met/psrf_pregnant/mother_valid, field.name - mother_valid, field.value - 1
field.bind - /model/instance/PregnancySurveillanceAndRegistrationForm/psrf_met/psrf_pregnant/FWPSRWOMPREGWTD, field.name - FWPSRWOMPREGWTD, field.value - 1
field.bind - /model/instance/PregnancySurveillanceAndRegistrationForm/psrf_met/psrf_pregnant/FWPSRHUSPREGWTD, field.name - FWPSRHUSPREGWTD, field.value - 1
field.bind - /model/instance/PregnancySurveillanceAndRegistrationForm/psrf_met/psrf_pregnant/FWPSREVRPREG, field.name - FWPSREVRPREG, field.value - 1
field.bind - /model/instance/PregnancySurveillanceAndRegistrationForm/psrf_met/psrf_pregnant/FWPSRTOTBIRTH, field.name - FWPSRTOTBIRTH, field.value - 
field.bind - /model/instance/PregnancySurveillanceAndRegistrationForm/psrf_met/psrf_pregnant/FWPSRNBDTH, field.name - FWPSRNBDTH, field.value - 
field.bind - /model/instance/PregnancySurveillanceAndRegistrationForm/psrf_met/psrf_pregnant/FWPSRPRSB, field.name - FWPSRPRSB, field.value - 
field.bind - /model/instance/PregnancySurveillanceAndRegistrationForm/psrf_met/psrf_pregnant/FWPSRPRMC, field.name - FWPSRPRMC, field.value - 
field.bind - /model/instance/PregnancySurveillanceAndRegistrationForm/psrf_met/psrf_pregnant/FWPSRPREGTWYRS, field.name - FWPSRPREGTWYRS, field.value - 
field.bind - /model/instance/PregnancySurveillanceAndRegistrationForm/psrf_met/psrf_pregnant/FWPSRPRVPREGCOMP, field.name - FWPSRPRVPREGCOMP, field.value - 
field.bind - /model/instance/PregnancySurveillanceAndRegistrationForm/psrf_met/psrf_pregnant/FWPSRPRCHECKS, field.name - FWPSRPRCHECKS, field.value - 
field.bind - /model/instance/PregnancySurveillanceAndRegistrationForm/psrf_met/psrf_pregnant/FWPSRVDGMEM, field.name - FWPSRVDGMEM, field.value - 0
field.bind - /model/instance/PregnancySurveillanceAndRegistrationForm/psrf_met/psrf_pregnant/FWPSRWOMEDU, field.name - FWPSRWOMEDU, field.value - 99
field.bind - /model/instance/PregnancySurveillanceAndRegistrationForm/psrf_met/psrf_pregnant/FWPSRHHLAT, field.name - FWPSRHHLAT, field.value - 2
field.bind - /model/instance/PregnancySurveillanceAndRegistrationForm/psrf_met/psrf_pregnant/FWPSRHHRICE, field.name - FWPSRHHRICE, field.value - 99
field.bind - /model/instance/PregnancySurveillanceAndRegistrationForm/psrf_met/psrf_pregnant/risk_group/FWPSRANM, field.name - FWPSRANM, field.value - 
field.bind - /model/instance/PregnancySurveillanceAndRegistrationForm/psrf_met/psrf_pregnant/risk_group/FWPSRHBP, field.name - FWPSRHBP, field.value - 
field.bind - /model/instance/PregnancySurveillanceAndRegistrationForm/psrf_met/psrf_pregnant/risk_group/FWPSRDBT, field.name - FWPSRDBT, field.value - 
field.bind - /model/instance/PregnancySurveillanceAndRegistrationForm/psrf_met/psrf_pregnant/risk_group/FWPSRTHY, field.name - FWPSRTHY, field.value - 
field.bind - /model/instance/PregnancySurveillanceAndRegistrationForm/psrf_met/psrf_pregnant/FWPSRMUAC, field.name - FWPSRMUAC, field.value - 99.0
field.bind - /model/instance/PregnancySurveillanceAndRegistrationForm/psrf_met/psrf_pregnant/FWPSRPHONE, field.name - FWPSRPHONE, field.value - 1
field.bind - /model/instance/PregnancySurveillanceAndRegistrationForm/psrf_met/psrf_pregnant/FWPSRPHONENUM, field.name - FWPSRPHONENUM, field.value - 01876765432
json from xml-- [{"anmId":"integration","instanceId":"dee5f5d0-bd9f-4df7-bfc9-4ea8f2c232f4","entityId":"3e94f304-7bb9-4dab-95f2-d52ccaec220f","formName":"psrf_form","formInstance":"{\"form_data_definition_version\":\"13\",\"form\":{\"bind_type\":\"elco\",\"default_bind_path\":\"/model/instance/PregnancySurveillanceAndRegistrationForm\",\"fields\":[{\"name\":\"id\",\"source\":\"elco.id\",\"value\":\"3e94f304-7bb9-4dab-95f2-d52ccaec220f\"},{\"name\":\"FWWOMMAUZA_PARA\",\"bind\":\"/model/instance/PregnancySurveillanceAndRegistrationForm/existing_mauzapara\",\"source\":\"elco.FWWOMMAUZA_PARA\",\"value\":\"2\"},{\"name\":\"GOBHHID\",\"bind\":\"/model/instance/PregnancySurveillanceAndRegistrationForm/existing_gobhhid\",\"source\":\"elco.GOBHHID\",\"value\":\"\"},{\"name\":\"JiVitAHHID\",\"bind\":\"/model/instance/PregnancySurveillanceAndRegistrationForm/existing_jivhhid\",\"source\":\"elco.JiVitAHHID\",\"value\":\"\"},{\"name\":\"FWWOMFNAME\",\"bind\":\"/model/instance/PregnancySurveillanceAndRegistrationForm/existing_first_name\",\"source\":\"elco.FWWOMFNAME\",\"value\":\"\"},{\"name\":\"FWHUSNAME\",\"bind\":\"/model/instance/PregnancySurveillanceAndRegistrationForm/existing_husname\",\"source\":\"elco.FWHUSNAME\",\"value\":\"Test seven h\"},{\"name\":\"FWWOMNID\",\"bind\":\"/model/instance/PregnancySurveillanceAndRegistrationForm/existing_wom_nid\",\"source\":\"elco.FWWOMNID\",\"value\":\"1676154576541\"},{\"name\":\"FWWOMBID\",\"bind\":\"/model/instance/PregnancySurveillanceAndRegistrationForm/existing_wom_bid\",\"source\":\"elco.FWWOMBID\",\"value\":\"16761545765417654\"},{\"name\":\"FWWOMAGE\",\"bind\":\"/model/instance/PregnancySurveillanceAndRegistrationForm/existing_wom_age\",\"source\":\"elco.FWWOMAGE\",\"value\":\"26\"},{\"name\":\"existing_ELCO\",\"bind\":\"/model/instance/PregnancySurveillanceAndRegistrationForm/existing_ELCO\",\"source\":\"elco.existing_ELCO\",\"value\":\"5\"},{\"name\":\"existing_location\",\"bind\":\"/model/instance/PregnancySurveillanceAndRegistrationForm/existing_location\",\"source\":\"elco.existing_location\",\"value\":\"2\"},{\"name\":\"today\",\"bind\":\"/model/instance/PregnancySurveillanceAndRegistrationForm/today\",\"source\":\"elco.today\",\"value\":\"2016-01-12\"},{\"name\":\"start\",\"bind\":\"/model/instance/PregnancySurveillanceAndRegistrationForm/start\",\"source\":\"elco.start\",\"value\":\"2016-01-12T16:25:49.050+06\"},{\"name\":\"end\",\"bind\":\"/model/instance/PregnancySurveillanceAndRegistrationForm/end\",\"source\":\"elco.end\",\"value\":\"2016-01-12T16:25:49.050+06\"},{\"name\":\"FWPSRDATE\",\"bind\":\"/model/instance/PregnancySurveillanceAndRegistrationForm/FWPSRDATE\",\"source\":\"elco.FWPSRDATE\",\"value\":\"2016-01-12\"},{\"name\":\"FWCONFIRMATION\",\"bind\":\"/model/instance/PregnancySurveillanceAndRegistrationForm/FWCONFIRMATION\",\"source\":\"elco.FWCONFIRMATION\",\"value\":\"\"},{\"name\":\"FWPSRSTS\",\"bind\":\"/model/instance/PregnancySurveillanceAndRegistrationForm/FWPSRSTS\",\"source\":\"elco.FWPSRSTS\",\"value\":\"01\"},{\"name\":\"psrf_schedule_logic\",\"bind\":\"/model/instance/PregnancySurveillanceAndRegistrationForm/psrf_schedule_logic\",\"source\":\"elco.psrf_schedule_logic\",\"value\":\"0\"},{\"name\":\"FWNOTELIGIBLE\",\"bind\":\"/model/instance/PregnancySurveillanceAndRegistrationForm/FWNOTELIGIBLE\",\"source\":\"elco.FWNOTELIGIBLE\",\"value\":\"0\"},{\"name\":\"FWELIGIBLE\",\"bind\":\"/model/instance/PregnancySurveillanceAndRegistrationForm/FWNOTELIGIBLE\",\"source\":\"elco.FWELIGIBLE\",\"value\":\"1\"},{\"name\":\"ELCO\",\"bind\":\"/model/instance/PregnancySurveillanceAndRegistrationForm/ELCO\",\"source\":\"elco.ELCO\",\"value\":\"5\"},{\"name\":\"FWVG\",\"bind\":\"/model/instance/PregnancySurveillanceAndRegistrationForm/FWVG\",\"source\":\"elco.FWVG\",\"value\":\"0\"},{\"name\":\"FWHRP\",\"bind\":\"/model/instance/PregnancySurveillanceAndRegistrationForm/FWHRP\",\"source\":\"elco.FWHRP\",\"value\":\"0\"},{\"name\":\"FWHR_PSR\",\"bind\":\"/model/instance/PregnancySurveillanceAndRegistrationForm/FWHR_PSR\",\"source\":\"elco.FWHR_PSR\",\"value\":\"2\"},{\"name\":\"FWFLAGVALUE\",\"bind\":\"/model/instance/PregnancySurveillanceAndRegistrationForm/FWFLAGVALUE\",\"source\":\"elco.FWFLAGVALUE\",\"value\":\"2\"},{\"name\":\"FWSORTVALUE\",\"bind\":\"/model/instance/PregnancySurveillanceAndRegistrationForm/FWSORTVALUE\",\"source\":\"elco.FWSORTVALUE\",\"value\":\"2\"},{\"name\":\"user_type\",\"bind\":\"/model/instance/PregnancySurveillanceAndRegistrationForm/user_type\",\"source\":\"elco.user_type\",\"value\":\"FD\"},{\"name\":\"external_user_ID\",\"bind\":\"/model/instance/PregnancySurveillanceAndRegistrationForm/external_user_ID\",\"source\":\"elco.external_user_ID\",\"value\":\"7878\"},{\"name\":\"FWPSRLMP\",\"bind\":\"/model/instance/PregnancySurveillanceAndRegistrationForm/psrf_met/FWPSRLMP\",\"source\":\"elco.FWPSRLMP\",\"value\":\"2015-11-12\"},{\"name\":\"FWPSRPREGSTS\",\"bind\":\"/model/instance/PregnancySurveillanceAndRegistrationForm/psrf_met/FWPSRPREGSTS\",\"source\":\"elco.FWPSRPREGSTS\",\"value\":\"1\"},{\"name\":\"display_pregnote\",\"bind\":\"/model/instance/PregnancySurveillanceAndRegistrationForm/psrf_met/display_pregnote\",\"source\":\"elco.display_pregnote\",\"value\":\"\"},{\"name\":\"display_notpregnote\",\"bind\":\"/model/instance/PregnancySurveillanceAndRegistrationForm/psrf_met/display_notpregnote\",\"source\":\"elco.display_notpregnote\",\"value\":\"\"},{\"name\":\"mother_mauza\",\"bind\":\"/model/instance/PregnancySurveillanceAndRegistrationForm/psrf_met/psrf_pregnant/mother_mauza\",\"source\":\"elco.mother_mauza\",\"value\":\"2\"},{\"name\":\"mother_gobhhid\",\"bind\":\"/model/instance/PregnancySurveillanceAndRegistrationForm/psrf_met/psrf_pregnant/mother_gobhhid\",\"source\":\"elco.mother_gobhhid\",\"value\":\"\"},{\"name\":\"mother_jivhhid\",\"bind\":\"/model/instance/PregnancySurveillanceAndRegistrationForm/psrf_met/psrf_pregnant/mother_jivhhid\",\"source\":\"elco.mother_jivhhid\",\"value\":\"\"},{\"name\":\"mother_first_name\",\"bind\":\"/model/instance/PregnancySurveillanceAndRegistrationForm/psrf_met/psrf_pregnant/mother_first_name\",\"source\":\"elco.mother_first_name\",\"value\":\"Test seven\"},{\"name\":\"mother_husname\",\"bind\":\"/model/instance/PregnancySurveillanceAndRegistrationForm/psrf_met/psrf_pregnant/mother_husname\",\"source\":\"elco.mother_husname\",\"value\":\"Test seven h\"},{\"name\":\"mother_wom_nid\",\"bind\":\"/model/instance/PregnancySurveillanceAndRegistrationForm/psrf_met/psrf_pregnant/mother_wom_nid\",\"source\":\"elco.mother_wom_nid\",\"value\":\"1676154576541\"},{\"name\":\"mother_wom_bid\",\"bind\":\"/model/instance/PregnancySurveillanceAndRegistrationForm/psrf_met/psrf_pregnant/mother_wom_bid\",\"source\":\"elco.mother_wom_bid\",\"value\":\"16761545765417654\"},{\"name\":\"mother_wom_age\",\"bind\":\"/model/instance/PregnancySurveillanceAndRegistrationForm/psrf_met/psrf_pregnant/mother_wom_age\",\"source\":\"elco.mother_wom_age\",\"value\":\"26\"},{\"name\":\"mother_wom_lmp\",\"bind\":\"/model/instance/PregnancySurveillanceAndRegistrationForm/psrf_met/psrf_pregnant/mother_wom_lmp\",\"source\":\"elco.mother_wom_lmp\",\"value\":\"2015-11-12\"},{\"name\":\"mother_valid\",\"bind\":\"/model/instance/PregnancySurveillanceAndRegistrationForm/psrf_met/psrf_pregnant/mother_valid\",\"source\":\"elco.mother_valid\",\"value\":\"1\"},{\"name\":\"FWPSRWOMPREGWTD\",\"bind\":\"/model/instance/PregnancySurveillanceAndRegistrationForm/psrf_met/psrf_pregnant/FWPSRWOMPREGWTD\",\"source\":\"elco.FWPSRWOMPREGWTD\",\"value\":\"1\"},{\"name\":\"FWPSRHUSPREGWTD\",\"bind\":\"/model/instance/PregnancySurveillanceAndRegistrationForm/psrf_met/psrf_pregnant/FWPSRHUSPREGWTD\",\"source\":\"elco.FWPSRHUSPREGWTD\",\"value\":\"1\"},{\"name\":\"FWPSREVRPREG\",\"bind\":\"/model/instance/PregnancySurveillanceAndRegistrationForm/psrf_met/psrf_pregnant/FWPSREVRPREG\",\"source\":\"elco.FWPSREVRPREG\",\"value\":\"1\"},{\"name\":\"FWPSRTOTBIRTH\",\"bind\":\"/model/instance/PregnancySurveillanceAndRegistrationForm/psrf_met/psrf_pregnant/FWPSRTOTBIRTH\",\"source\":\"elco.FWPSRTOTBIRTH\",\"value\":\"\"},{\"name\":\"FWPSRNBDTH\",\"bind\":\"/model/instance/PregnancySurveillanceAndRegistrationForm/psrf_met/psrf_pregnant/FWPSRNBDTH\",\"source\":\"elco.FWPSRNBDTH\",\"value\":\"\"},{\"name\":\"FWPSRPRSB\",\"bind\":\"/model/instance/PregnancySurveillanceAndRegistrationForm/psrf_met/psrf_pregnant/FWPSRPRSB\",\"source\":\"elco.FWPSRPRSB\",\"value\":\"\"},{\"name\":\"FWPSRPRMC\",\"bind\":\"/model/instance/PregnancySurveillanceAndRegistrationForm/psrf_met/psrf_pregnant/FWPSRPRMC\",\"source\":\"elco.FWPSRPRMC\",\"value\":\"\"},{\"name\":\"FWPSRPREGTWYRS\",\"bind\":\"/model/instance/PregnancySurveillanceAndRegistrationForm/psrf_met/psrf_pregnant/FWPSRPREGTWYRS\",\"source\":\"elco.FWPSRPREGTWYRS\",\"value\":\"\"},{\"name\":\"FWPSRPRVPREGCOMP\",\"bind\":\"/model/instance/PregnancySurveillanceAndRegistrationForm/psrf_met/psrf_pregnant/FWPSRPRVPREGCOMP\",\"source\":\"elco.FWPSRPRVPREGCOMP\",\"value\":\"\"},{\"name\":\"FWPSRPRCHECKS\",\"bind\":\"/model/instance/PregnancySurveillanceAndRegistrationForm/psrf_met/psrf_pregnant/FWPSRPRCHECKS\",\"source\":\"elco.FWPSRPRCHECKS\",\"value\":\"\"},{\"name\":\"FWPSRVDGMEM\",\"bind\":\"/model/instance/PregnancySurveillanceAndRegistrationForm/psrf_met/psrf_pregnant/FWPSRVDGMEM\",\"source\":\"elco.FWPSRVDGMEM\",\"value\":\"0\"},{\"name\":\"FWPSRWOMEDU\",\"bind\":\"/model/instance/PregnancySurveillanceAndRegistrationForm/psrf_met/psrf_pregnant/FWPSRWOMEDU\",\"source\":\"elco.FWPSRWOMEDU\",\"value\":\"99\"},{\"name\":\"FWPSRHHLAT\",\"bind\":\"/model/instance/PregnancySurveillanceAndRegistrationForm/psrf_met/psrf_pregnant/FWPSRHHLAT\",\"source\":\"elco.FWPSRHHLAT\",\"value\":\"2\"},{\"name\":\"FWPSRHHRICE\",\"bind\":\"/model/instance/PregnancySurveillanceAndRegistrationForm/psrf_met/psrf_pregnant/FWPSRHHRICE\",\"source\":\"elco.FWPSRHHRICE\",\"value\":\"99\"},{\"name\":\"FWPSRANM\",\"bind\":\"/model/instance/PregnancySurveillanceAndRegistrationForm/psrf_met/psrf_pregnant/risk_group/FWPSRANM\",\"source\":\"elco.FWPSRANM\",\"value\":\"\"},{\"name\":\"FWPSRHBP\",\"bind\":\"/model/instance/PregnancySurveillanceAndRegistrationForm/psrf_met/psrf_pregnant/risk_group/FWPSRHBP\",\"source\":\"elco.FWPSRHBP\",\"value\":\"\"},{\"name\":\"FWPSRDBT\",\"bind\":\"/model/instance/PregnancySurveillanceAndRegistrationForm/psrf_met/psrf_pregnant/risk_group/FWPSRDBT\",\"source\":\"elco.FWPSRDBT\",\"value\":\"\"},{\"name\":\"FWPSRTHY\",\"bind\":\"/model/instance/PregnancySurveillanceAndRegistrationForm/psrf_met/psrf_pregnant/risk_group/FWPSRTHY\",\"source\":\"elco.FWPSRTHY\",\"value\":\"\"},{\"name\":\"FWPSRMUAC\",\"bind\":\"/model/instance/PregnancySurveillanceAndRegistrationForm/psrf_met/psrf_pregnant/FWPSRMUAC\",\"source\":\"elco.FWPSRMUAC\",\"value\":\"99.0\"},{\"name\":\"FWPSRPHONE\",\"bind\":\"/model/instance/PregnancySurveillanceAndRegistrationForm/psrf_met/psrf_pregnant/FWPSRPHONE\",\"source\":\"elco.FWPSRPHONE\",\"value\":\"1\"},{\"name\":\"FWPSRPHONENUM\",\"bind\":\"/model/instance/PregnancySurveillanceAndRegistrationForm/psrf_met/psrf_pregnant/FWPSRPHONENUM\",\"source\":\"elco.FWPSRPHONENUM\",\"value\":\"01876765432\"}],\"sub_forms\":[]}}","clientVersion":"1446376434966","formDataDefinitionVersion":"13"}]
HTTP status code:201
Submission Failure: false
